<?xml version="1.0" encoding="UTF-8"?>
<!-- Generated by org.testng.reporters.JUnitReportReporter -->
<testsuite hostname="LIN24003207" failures="0" tests="3" name="com.testNG.ThirdTest" time="64.951" errors="0" timestamp="2024-03-18T17:46:28 IST" skipped="0">
  <testcase classname="com.testNG.ThirdTest" name="testlog" time="21.650"/>
  <testcase classname="com.testNG.ThirdTest" name="testlog" time="22.334"/>
  <testcase classname="com.testNG.ThirdTest" name="testlog" time="20.967"/>
</testsuite> <!-- com.testNG.ThirdTest -->
