<?xml version="1.0" encoding="UTF-8"?>
<!-- Generated by org.testng.reporters.JUnitReportReporter -->
<testsuite hostname="LIN24003207" failures="0" tests="6" name="com.testNG.NewTest" time="12.617" errors="0" timestamp="2024-03-18T15:42:10 IST" skipped="0">
  <testcase classname="com.testNG.NewTest" name="initBrowser" time="6.119"/>
  <testcase classname="com.testNG.NewTest" name="initBrowser" time="4.348"/>
  <testcase classname="com.testNG.NewTest" name="test1" time="0.673"/>
  <testcase classname="com.testNG.NewTest" name="test1" time="0.588"/>
  <testcase classname="com.testNG.NewTest" name="teardown" time="0.395"/>
  <testcase classname="com.testNG.NewTest" name="teardown" time="0.494"/>
</testsuite> <!-- com.testNG.NewTest -->
