<?xml version="1.0" encoding="UTF-8"?>
<!-- Generated by org.testng.reporters.JUnitReportReporter -->
<testsuite hostname="LIN24003207" failures="0" tests="1" name="Pages.LoginTest" time="18.070" errors="0" timestamp="2024-03-20T11:18:20 IST" skipped="0">
  <testcase classname="Pages.LoginTest" name="verifytest" time="18.070"/>
</testsuite> <!-- Pages.LoginTest -->
