<?xml version="1.0" encoding="UTF-8"?>
<!-- Generated by org.testng.reporters.JUnitReportReporter -->
<testsuite hostname="LIN24003207" failures="0" tests="2" name="com.testNG.CrossBrowserTest" time="3.076" errors="0" timestamp="2024-03-21T12:19:07 IST" skipped="0">
  <testcase classname="com.testNG.CrossBrowserTest" name="testimage" time="1.265"/>
  <testcase classname="com.testNG.CrossBrowserTest" name="testimage" time="1.811"/>
</testsuite> <!-- com.testNG.CrossBrowserTest -->
