<?xml version="1.0" encoding="UTF-8"?>
<!-- Generated by org.testng.reporters.JUnitReportReporter -->
<testsuite hostname="LIN24003207" failures="0" tests="1" name="Pagefactory.LoginPageFacTest" time="14.711" errors="0" timestamp="2024-03-20T16:44:35 IST" skipped="0">
  <testcase classname="Pagefactory.LoginPageFacTest" name="testLog" time="14.711"/>
</testsuite> <!-- Pagefactory.LoginPageFacTest -->
