<?xml version="1.0" encoding="UTF-8"?>
<!-- Generated by org.testng.reporters.JUnitReportReporter -->
<testsuite hostname="LIN24003207" failures="0" tests="2" name="com.testNG.DataTest" time="0.015" errors="0" timestamp="2024-03-19T15:19:22 IST" skipped="0">
  <testcase classname="com.testNG.DataTest" name="search" time="0.002"/>
  <testcase classname="com.testNG.DataTest" name="log" time="0.013"/>
</testsuite> <!-- com.testNG.DataTest -->
