<?xml version="1.0" encoding="UTF-8"?>
<!-- Generated by org.testng.reporters.JUnitReportReporter -->
<testsuite hostname="LIN24003207" failures="0" tests="1" name="repository.ObjectRepoTest" time="9.336" errors="0" timestamp="2024-03-19T17:36:35 IST" skipped="0">
  <testcase classname="repository.ObjectRepoTest" name="testswag" time="9.336"/>
</testsuite> <!-- repository.ObjectRepoTest -->
